[2025-06-29 13:29:33] INFO - Page accessed - User: 18, Role: User, File: user_dashboard.php - IP: ::1 - User: 18
[2025-06-29 13:29:33] WARNING - Unauthorized Access Attempt - /Addwise_4/addwise_1/get_qr_locations.php - IP: ::1 - User: 18
[2025-06-29 13:30:23] INFO - Page accessed - User: 18, Role: User, File: user_dashboard.php - IP: ::1 - User: 18
[2025-06-29 13:30:23] WARNING - Unauthorized Access Attempt - /Addwise_4/addwise_1/get_qr_locations.php - IP: ::1 - User: 18
[2025-06-29 13:30:44] INFO - Page accessed - User: 3, Role: Admin, File: admin_dashboard.php - IP: ::1 - User: 3
[2025-06-29 13:31:09] INFO - Page accessed - User: 3, Role: Admin, File: admin_dashboard.php - IP: ::1 - User: 3
[2025-06-29 13:31:46] WARNING - Unauthorized Access Attempt - /Addwise_4/addwise_1/superadmin_dashboard.php - IP: ::1 - User: anonymous
[2025-06-29 13:33:41] WARNING - Unauthorized Access Attempt - /Addwise_4/addwise_1/superadmin_dashboard.php - IP: ::1 - User: anonymous
[2025-06-29 13:33:42] WARNING - Unauthorized Access Attempt - /Addwise_4/addwise_1/superadmin_dashboard.php - IP: ::1 - User: anonymous
[2025-06-29 13:33:55] WARNING - Unauthorized Access Attempt - /Addwise_4/addwise_1/superadmin_dashboard.php - IP: ::1 - User: anonymous
[2025-06-29 13:33:56] WARNING - Unauthorized Access Attempt - /Addwise_4/addwise_1/superadmin_dashboard.php - IP: ::1 - User: anonymous
[2025-06-29 13:34:18] WARNING - Unauthorized Access Attempt - /Addwise_4/addwise_1/superadmin_dashboard.php - IP: ::1 - User: anonymous
[2025-06-29 13:34:19] WARNING - Unauthorized Access Attempt - /Addwise_4/addwise_1/superadmin_dashboard.php - IP: ::1 - User: anonymous
[2025-06-29 13:34:19] WARNING - Unauthorized Access Attempt - /Addwise_4/addwise_1/superadmin_dashboard.php - IP: ::1 - User: anonymous
[2025-06-29 13:34:19] WARNING - Unauthorized Access Attempt - /Addwise_4/addwise_1/superadmin_dashboard.php - IP: ::1 - User: anonymous
[2025-06-29 13:34:19] WARNING - Unauthorized Access Attempt - /Addwise_4/addwise_1/superadmin_dashboard.php - IP: ::1 - User: anonymous
[2025-06-29 13:34:19] WARNING - Unauthorized Access Attempt - /Addwise_4/addwise_1/superadmin_dashboard.php - IP: ::1 - User: anonymous
[2025-06-29 13:34:44] WARNING - Unauthorized Access Attempt - /Addwise_4/addwise_1/superadmin_dashboard.php - IP: ::1 - User: anonymous
[2025-06-29 13:34:46] WARNING - Unauthorized Access Attempt - /Addwise_4/addwise_1/superadmin_dashboard.php - IP: ::1 - User: anonymous
[2025-06-29 13:34:46] WARNING - Unauthorized Access Attempt - /Addwise_4/addwise_1/superadmin_dashboard.php - IP: ::1 - User: anonymous
[2025-06-29 13:34:47] WARNING - Unauthorized Access Attempt - /Addwise_4/addwise_1/superadmin_dashboard.php - IP: ::1 - User: anonymous
[2025-06-29 13:34:47] WARNING - Unauthorized Access Attempt - /Addwise_4/addwise_1/superadmin_dashboard.php - IP: ::1 - User: anonymous
[2025-06-29 13:34:47] WARNING - Unauthorized Access Attempt - /Addwise_4/addwise_1/superadmin_dashboard.php - IP: ::1 - User: anonymous
[2025-06-29 13:38:45] INFO - Page accessed - User: 18, Role: User, File: user_dashboard.php - IP: ::1 - User: 18
[2025-06-29 13:38:46] WARNING - Unauthorized Access Attempt - /Addwise_4/addwise_1/get_qr_locations.php - IP: ::1 - User: 18
[2025-06-29 13:38:58] INFO - Page accessed - User: 18, Role: User, File: user_dashboard.php - IP: ::1 - User: 18
[2025-06-29 13:38:58] WARNING - Unauthorized Access Attempt - /Addwise_4/addwise_1/get_qr_locations.php - IP: ::1 - User: 18
[2025-06-29 13:40:12] WARNING - Unauthorized Access Attempt - /Addwise_4/addwise_1/user_dashboard.php - IP: ::1 - User: anonymous
[2025-06-29 13:40:29] INFO - Page accessed - User: 18, Role: User, File: user_dashboard.php - IP: ::1 - User: 18
[2025-06-29 13:40:29] WARNING - Unauthorized Access Attempt - /Addwise_4/addwise_1/get_qr_locations.php - IP: ::1 - User: 18
[2025-06-29 13:40:34] INFO - Page accessed - User: 18, Role: User, File: manual_qr_add.php - IP: ::1 - User: 18
[2025-06-29 13:40:36] INFO - Page accessed - User: 18, Role: User, File: manual_qr_add.php - IP: ::1 - User: 18
[2025-06-29 13:40:37] INFO - Page accessed - User: 18, Role: User, File: manual_qr_add.php - IP: ::1 - User: 18
[2025-06-29 13:40:38] INFO - Page accessed - User: 18, Role: User, File: manual_qr_add.php - IP: ::1 - User: 18
[2025-06-29 13:40:39] INFO - Page accessed - User: 18, Role: User, File: manual_qr_add.php - IP: ::1 - User: 18
[2025-06-29 13:40:39] INFO - Page accessed - User: 18, Role: User, File: manual_qr_add.php - IP: ::1 - User: 18
[2025-06-29 13:40:39] INFO - Page accessed - User: 18, Role: User, File: manual_qr_add.php - IP: ::1 - User: 18
[2025-06-29 13:40:39] INFO - Page accessed - User: 18, Role: User, File: manual_qr_add.php - IP: ::1 - User: 18
[2025-06-29 13:40:39] INFO - Page accessed - User: 18, Role: User, File: manual_qr_add.php - IP: ::1 - User: 18
[2025-06-29 13:40:45] INFO - Page accessed - User: 18, Role: User, File: manual_qr_add.php - IP: ::1 - User: 18
[2025-06-29 13:43:08] INFO - Page accessed - User: 18, Role: User, File: user_dashboard.php - IP: ::1 - User: 18
[2025-06-29 13:43:08] WARNING - Unauthorized Access Attempt - /Addwise_4/addwise_1/get_qr_locations.php - IP: ::1 - User: 18
[2025-06-29 13:43:09] INFO - Page accessed - User: 18, Role: User, File: user_dashboard.php - IP: ::1 - User: 18
[2025-06-29 13:43:09] WARNING - Unauthorized Access Attempt - /Addwise_4/addwise_1/get_qr_locations.php - IP: ::1 - User: 18
[2025-06-29 13:43:14] INFO - Page accessed - User: 18, Role: User, File: manual_qr_add.php - IP: ::1 - User: 18
[2025-06-29 13:43:15] INFO - Page accessed - User: 18, Role: User, File: manual_qr_add.php - IP: ::1 - User: 18
[2025-06-29 13:43:16] INFO - Page accessed - User: 18, Role: User, File: manual_qr_add.php - IP: ::1 - User: 18
[2025-06-29 13:44:02] INFO - Page accessed - User: 18, Role: User, File: user_dashboard.php - IP: ::1 - User: 18
[2025-06-29 13:44:03] WARNING - Unauthorized Access Attempt - /Addwise_4/addwise_1/get_qr_locations.php - IP: ::1 - User: 18
[2025-06-29 13:44:11] INFO - Page accessed - User: 18, Role: User, File: manual_qr_add.php - IP: ::1 - User: 18
[2025-06-29 13:44:12] INFO - Page accessed - User: 18, Role: User, File: manual_qr_add.php - IP: ::1 - User: 18
[2025-06-29 13:44:59] WARNING - Unauthorized Access Attempt - /Addwise_4/addwise_1/get_qr_locations.php - IP: ::1 - User: 18
[2025-06-29 13:45:01] WARNING - Unauthorized Access Attempt - /Addwise_4/addwise_1/get_qr_locations.php - IP: ::1 - User: 18
[2025-06-29 13:45:50] INFO - Page accessed - User: 18, Role: User, File: manual_qr_add.php - IP: ::1 - User: 18
[2025-06-29 13:45:51] INFO - Page accessed - User: 18, Role: User, File: manual_qr_add.php - IP: ::1 - User: 18
[2025-06-29 13:45:51] INFO - Page accessed - User: 18, Role: User, File: manual_qr_add.php - IP: ::1 - User: 18
[2025-06-29 13:48:45] INFO - Page accessed - User: 18, Role: User, File: manual_qr_add.php - IP: ::1 - User: 18
[2025-06-29 13:48:46] INFO - Page accessed - User: 18, Role: User, File: manual_qr_add.php - IP: ::1 - User: 18
[2025-06-29 14:21:12] WARNING - Unauthorized Access Attempt - /addwise_4/addwise_1/get_qr_locations.php - IP: ::1 - User: 18
[2025-06-29 14:21:34] INFO - Page accessed - User: 18, Role: User, File: manual_qr_add.php - IP: ::1 - User: 18
[2025-06-29 14:22:42] INFO - Page accessed - User: 18, Role: User, File: upload_qr_file.php - IP: ::1 - User: 18
[2025-06-29 14:22:46] WARNING - Unauthorized Access Attempt - /addwise_4/addwise_1/get_qr_locations.php - IP: ::1 - User: 18
[2025-06-29 14:25:06] INFO - Page accessed - User: 18, Role: User, File: manual_qr_add.php - IP: ::1 - User: 18
[2025-06-29 14:25:23] INFO - Page accessed - User: 18, Role: User, File: manual_qr_add.php - IP: ::1 - User: 18
[2025-06-29 14:26:06] WARNING - Unauthorized Access Attempt - /addwise_4/addwise_1/get_qr_locations.php - IP: ::1 - User: 18
[2025-06-29 14:28:11] INFO - Page accessed - User: 18, Role: User, File: user_dashboard.php - IP: ::1 - User: 18
[2025-06-29 14:28:11] WARNING - Unauthorized Access Attempt - /addwise_4/addwise_1/get_qr_locations.php - IP: ::1 - User: 18
[2025-06-29 14:28:11] WARNING - Unauthorized Access Attempt - /addwise_4/addwise_1/get_qr_locations.php - IP: ::1 - User: 18
[2025-06-29 14:31:56] INFO - Page accessed - User: 18, Role: User, File: user_dashboard.php - IP: ::1 - User: 18
[2025-06-29 14:31:57] WARNING - Unauthorized Access Attempt - /addwise_4/addwise_1/get_qr_locations.php - IP: ::1 - User: 18
[2025-06-29 14:31:59] INFO - Page accessed - User: 18, Role: User, File: user_dashboard.php - IP: ::1 - User: 18
[2025-06-29 14:31:59] WARNING - Unauthorized Access Attempt - /addwise_4/addwise_1/get_qr_locations.php - IP: ::1 - User: 18
[2025-06-29 14:34:28] INFO - Page accessed - User: 18, Role: User, File: user_dashboard.php - IP: ::1 - User: 18
[2025-06-29 14:34:29] WARNING - Unauthorized Access Attempt - /addwise_4/addwise_1/get_qr_locations.php - IP: ::1 - User: 18
[2025-06-29 14:34:37] INFO - Page accessed - User: 18, Role: User, File: manual_qr_add.php - IP: ::1 - User: 18
[2025-06-29 14:38:36] INFO - Page accessed - User: 18, Role: User, File: user_dashboard.php - IP: ::1 - User: 18
[2025-06-29 14:38:36] WARNING - Unauthorized Access Attempt - /addwise_4/addwise_1/get_qr_locations.php - IP: ::1 - User: 18
[2025-06-29 14:38:36] WARNING - Unauthorized Access Attempt - /addwise_4/addwise_1/get_qr_locations.php - IP: ::1 - User: 18
[2025-06-29 14:38:53] INFO - Page accessed - User: 18, Role: User, File: manual_qr_add.php - IP: ::1 - User: 18
[2025-06-29 14:43:45] INFO - Page accessed - User: 18, Role: User, File: user_dashboard.php - IP: ::1 - User: 18
[2025-06-29 14:43:47] INFO - Page accessed - User: 18, Role: User, File: user_dashboard.php - IP: ::1 - User: 18
[2025-06-29 14:43:53] INFO - Page accessed - User: 18, Role: User, File: user_dashboard.php - IP: ::1 - User: 18
[2025-06-29 14:44:07] INFO - Page accessed - User: 18, Role: User, File: user_dashboard.php - IP: ::1 - User: 18
[2025-06-29 14:44:17] INFO - Page accessed - User: 18, Role: User, File: user_dashboard.php - IP: ::1 - User: 18
[2025-06-29 14:44:32] INFO - Page accessed - User: 18, Role: User, File: user_dashboard.php - IP: ::1 - User: 18
[2025-06-29 14:44:33] INFO - Page accessed - User: 18, Role: User, File: user_dashboard.php - IP: ::1 - User: 18
[2025-06-29 14:44:33] INFO - Page accessed - User: 18, Role: User, File: user_dashboard.php - IP: ::1 - User: 18
[2025-06-29 15:14:16] INFO - Page accessed - User: 18, Role: User, File: user_dashboard.php - IP: ::1 - User: 18
[2025-06-29 15:55:59] INFO - Page accessed - User: 18, Role: User, File: user_dashboard.php - IP: ::1 - User: 18
[2025-06-29 15:58:10] INFO - Page accessed - User: 18, Role: User, File: user_dashboard.php - IP: ::1 - User: 18
[2025-06-29 15:58:10] WARNING - Unauthorized Access Attempt - /addwise_4/addwise_1/get_qr_locations.php - IP: ::1 - User: 18
[2025-06-29 15:58:10] WARNING - Unauthorized Access Attempt - /addwise_4/addwise_1/get_qr_locations.php - IP: ::1 - User: 18
[2025-06-29 15:58:41] INFO - Page accessed - User: 18, Role: User, File: add_device.php - IP: ::1 - User: 18
[2025-06-29 15:59:02] INFO - Page accessed - User: 18, Role: User, File: manual_qr_add.php - IP: ::1 - User: 18
[2025-06-29 15:59:17] INFO - Page accessed - User: 18, Role: User, File: user_dashboard.php - IP: ::1 - User: 18
[2025-06-29 15:59:17] WARNING - Unauthorized Access Attempt - /addwise_4/addwise_1/get_qr_locations.php - IP: ::1 - User: 18
[2025-06-29 15:59:41] INFO - Page accessed - User: 18, Role: User, File: user_dashboard.php - IP: ::1 - User: 18
[2025-06-29 15:59:41] WARNING - Unauthorized Access Attempt - /addwise_4/addwise_1/get_qr_locations.php - IP: ::1 - User: 18
[2025-06-29 16:00:23] INFO - Page accessed - User: 18, Role: User, File: manual_qr_add.php - IP: ::1 - User: 18
[2025-06-29 16:23:19] INFO - Page accessed - User: 18, Role: User, File: user_dashboard.php - IP: ::1 - User: 18
[2025-06-29 16:23:20] WARNING - Unauthorized Access Attempt - /addwise_4/addwise_1/get_qr_locations.php - IP: ::1 - User: 18
[2025-06-29 16:23:48] INFO - Page accessed - User: 18, Role: User, File: user_dashboard.php - IP: ::1 - User: 18
[2025-06-29 16:23:48] WARNING - Unauthorized Access Attempt - /addwise_4/addwise_1/get_qr_locations.php - IP: ::1 - User: 18
[2025-06-29 16:24:26] INFO - Page accessed - User: 18, Role: User, File: manual_qr_add.php - IP: ::1 - User: 18
[2025-06-29 16:27:06] WARNING - Unauthorized Access Attempt - /addwise_4/addwise_1/get_qr_locations.php - IP: ::1 - User: 18
[2025-06-29 16:27:06] WARNING - Unauthorized Access Attempt - /addwise_4/addwise_1/get_qr_locations.php - IP: ::1 - User: 18
[2025-06-29 16:33:21] INFO - Page accessed - User: 18, Role: User, File: manual_qr_add.php - IP: ::1 - User: 18
[2025-06-29 16:41:32] INFO - Page accessed - User: 18, Role: User, File: user_dashboard.php - IP: ::1 - User: 18
[2025-06-29 16:41:33] WARNING - Unauthorized Access Attempt - /addwise_4/addwise_1/get_qr_locations.php - IP: ::1 - User: 18
[2025-06-29 16:41:33] WARNING - Unauthorized Access Attempt - /addwise_4/addwise_1/get_qr_locations.php - IP: ::1 - User: 18
[2025-06-29 16:42:14] INFO - Page accessed - User: 18, Role: User, File: manual_qr_add.php - IP: ::1 - User: 18
[2025-06-29 16:43:07] INFO - Page accessed - User: 18, Role: User, File: user_dashboard.php - IP: ::1 - User: 18
[2025-06-29 16:43:08] WARNING - Unauthorized Access Attempt - /addwise_4/addwise_1/get_qr_locations.php - IP: ::1 - User: 18
[2025-06-29 16:55:23] INFO - Page accessed - User: 18, Role: User, File: user_dashboard.php - IP: ::1 - User: 18
[2025-06-29 16:55:24] WARNING - Unauthorized Access Attempt - /addwise_4/addwise_1/get_qr_locations.php - IP: ::1 - User: 18
[2025-06-29 17:29:21] INFO - Page accessed - User: 18, Role: User, File: user_dashboard.php - IP: ::1 - User: 18
[2025-06-29 17:29:22] WARNING - Unauthorized Access Attempt - /addwise_4/addwise_1/get_qr_locations.php - IP: ::1 - User: 18
[2025-06-29 17:29:43] INFO - Page accessed - User: 18, Role: User, File: manual_qr_add.php - IP: ::1 - User: 18
[2025-06-29 17:31:21] INFO - Page accessed - User: 18, Role: User, File: upload_qr_file.php - IP: ::1 - User: 18
[2025-06-29 17:31:24] INFO - Page accessed - User: 18, Role: User, File: user_dashboard.php - IP: ::1 - User: 18
[2025-06-29 17:31:24] WARNING - Unauthorized Access Attempt - /addwise_4/addwise_1/get_qr_locations.php - IP: ::1 - User: 18
[2025-06-29 17:31:24] WARNING - Unauthorized Access Attempt - /addwise_4/addwise_1/get_qr_locations.php - IP: ::1 - User: 18
[2025-06-29 17:46:01] INFO - Page accessed - User: 18, Role: User, File: user_dashboard.php - IP: ::1 - User: 18
[2025-06-29 17:46:02] WARNING - Unauthorized Access Attempt - /addwise_4/addwise_1/get_qr_locations.php - IP: ::1 - User: 18
[2025-06-29 17:46:02] WARNING - Unauthorized Access Attempt - /addwise_4/addwise_1/get_qr_locations.php - IP: ::1 - User: 18
[2025-06-29 17:46:02] WARNING - Unauthorized Access Attempt - /addwise_4/addwise_1/get_qr_locations.php - IP: ::1 - User: 18
[2025-06-29 17:47:19] INFO - Page accessed - User: 18, Role: User, File: add_device.php - IP: ::1 - User: 18
[2025-06-29 17:55:05] INFO - Page accessed - User: 18, Role: User, File: user_dashboard.php - IP: ::1 - User: 18
[2025-06-29 17:55:05] WARNING - Unauthorized Access Attempt - /addwise_4/addwise_1/get_qr_locations.php - IP: ::1 - User: 18
[2025-06-29 17:55:05] WARNING - Unauthorized Access Attempt - /addwise_4/addwise_1/get_qr_locations.php - IP: ::1 - User: 18
[2025-06-29 17:55:05] WARNING - Unauthorized Access Attempt - /addwise_4/addwise_1/get_qr_locations.php - IP: ::1 - User: 18
[2025-06-29 17:55:33] INFO - Page accessed - User: 18, Role: User, File: user_dashboard.php - IP: ::1 - User: 18
[2025-06-29 17:55:34] INFO - Page accessed - User: 18, Role: User, File: user_dashboard.php - IP: ::1 - User: 18
[2025-06-29 17:55:51] INFO - Page accessed - User: 18, Role: User, File: user_dashboard.php - IP: ::1 - User: 18
[2025-06-29 17:55:51] INFO - Page accessed - User: 18, Role: User, File: user_dashboard.php - IP: ::1 - User: 18
[2025-06-29 17:56:00] INFO - Page accessed - User: 18, Role: User, File: user_dashboard.php - IP: ::1 - User: 18
[2025-06-29 17:56:00] WARNING - Unauthorized Access Attempt - /addwise_4/addwise_1/get_qr_locations.php - IP: ::1 - User: 18
[2025-06-29 17:56:00] WARNING - Unauthorized Access Attempt - /addwise_4/addwise_1/get_qr_locations.php - IP: ::1 - User: 18
[2025-06-29 17:59:23] INFO - Page accessed - User: 18, Role: User, File: user_dashboard.php - IP: ::1 - User: 18
[2025-06-29 17:59:25] INFO - Page accessed - User: 18, Role: User, File: user_dashboard.php - IP: ::1 - User: 18
[2025-06-29 17:59:25] INFO - Page accessed - User: 18, Role: User, File: user_dashboard.php - IP: ::1 - User: 18
[2025-06-29 17:59:32] INFO - Page accessed - User: 18, Role: User, File: manual_qr_add.php - IP: ::1 - User: 18
[2025-06-29 18:07:10] INFO - Page accessed - User: 18, Role: User, File: user_dashboard.php - IP: ::1 - User: 18
[2025-06-29 18:07:16] INFO - Page accessed - User: 18, Role: User, File: manual_qr_add.php - IP: ::1 - User: 18
[2025-06-29 18:11:43] INFO - Page accessed - User: 18, Role: User, File: user_dashboard.php - IP: ::1 - User: 18
[2025-06-29 18:11:44] WARNING - Unauthorized Access Attempt - /addwise_4/addwise_1/get_qr_locations.php - IP: ::1 - User: 18
[2025-06-29 18:11:44] WARNING - Unauthorized Access Attempt - /addwise_4/addwise_1/get_qr_locations.php - IP: ::1 - User: 18
[2025-06-29 18:12:03] INFO - Page accessed - User: 18, Role: User, File: user_dashboard.php - IP: ::1 - User: 18
[2025-06-29 18:12:03] WARNING - Unauthorized Access Attempt - /addwise_4/addwise_1/get_qr_locations.php - IP: ::1 - User: 18
[2025-06-29 18:12:03] WARNING - Unauthorized Access Attempt - /addwise_4/addwise_1/get_qr_locations.php - IP: ::1 - User: 18
[2025-06-29 18:12:39] INFO - Page accessed - User: 18, Role: User, File: user_dashboard.php - IP: ::1 - User: 18
[2025-06-29 18:12:39] WARNING - Unauthorized Access Attempt - /addwise_4/addwise_1/get_qr_locations.php - IP: ::1 - User: 18
[2025-06-29 18:12:39] WARNING - Unauthorized Access Attempt - /addwise_4/addwise_1/get_qr_locations.php - IP: ::1 - User: 18
[2025-06-29 18:12:57] INFO - Page accessed - User: 18, Role: User, File: manual_qr_add.php - IP: ::1 - User: 18
[2025-06-29 18:14:59] INFO - Page accessed - User: 18, Role: User, File: user_dashboard.php - IP: ::1 - User: 18
[2025-06-29 18:14:59] WARNING - Unauthorized Access Attempt - /addwise_4/addwise_1/get_qr_locations.php - IP: ::1 - User: 18
[2025-06-29 18:14:59] WARNING - Unauthorized Access Attempt - /addwise_4/addwise_1/get_qr_locations.php - IP: ::1 - User: 18
[2025-06-29 18:14:59] WARNING - Unauthorized Access Attempt - /addwise_4/addwise_1/get_qr_locations.php - IP: ::1 - User: 18
[2025-06-29 18:20:00] INFO - Page accessed - User: 18, Role: User, File: user_dashboard.php - IP: ::1 - User: 18
[2025-06-29 18:20:00] WARNING - Unauthorized Access Attempt - /addwise_4/addwise_1/get_qr_locations.php - IP: ::1 - User: 18
[2025-06-29 18:20:00] WARNING - Unauthorized Access Attempt - /addwise_4/addwise_1/get_qr_locations.php - IP: ::1 - User: 18
[2025-06-29 18:20:07] INFO - Page accessed - User: 18, Role: User, File: manual_qr_add.php - IP: ::1 - User: 18
[2025-06-29 18:20:16] INFO - Page accessed - User: 18, Role: User, File: user_dashboard.php - IP: ::1 - User: 18
[2025-06-29 18:20:17] WARNING - Unauthorized Access Attempt - /addwise_4/addwise_1/get_qr_locations.php - IP: ::1 - User: 18
[2025-06-29 18:20:17] WARNING - Unauthorized Access Attempt - /addwise_4/addwise_1/get_qr_locations.php - IP: ::1 - User: 18
[2025-06-29 18:21:42] INFO - Page accessed - User: 18, Role: User, File: user_dashboard.php - IP: ::1 - User: 18
[2025-06-29 18:21:42] WARNING - Unauthorized Access Attempt - /addwise_4/addwise_1/get_qr_locations.php - IP: ::1 - User: 18
[2025-06-29 18:21:42] WARNING - Unauthorized Access Attempt - /addwise_4/addwise_1/get_qr_locations.php - IP: ::1 - User: 18
[2025-06-29 18:21:50] INFO - Page accessed - User: 18, Role: User, File: manual_qr_add.php - IP: ::1 - User: 18
[2025-06-29 18:24:24] INFO - Page accessed - User: 18, Role: User, File: user_dashboard.php - IP: ::1 - User: 18
[2025-06-29 18:24:24] WARNING - Unauthorized Access Attempt - /addwise_4/addwise_1/get_qr_locations.php - IP: ::1 - User: 18
[2025-06-29 18:24:24] WARNING - Unauthorized Access Attempt - /addwise_4/addwise_1/get_qr_locations.php - IP: ::1 - User: 18
[2025-06-29 18:24:46] INFO - Page accessed - User: 18, Role: User, File: user_dashboard.php - IP: ::1 - User: 18
[2025-06-29 18:24:46] WARNING - Unauthorized Access Attempt - /addwise_4/addwise_1/get_qr_locations.php - IP: ::1 - User: 18
[2025-06-29 18:24:47] WARNING - Unauthorized Access Attempt - /addwise_4/addwise_1/get_qr_locations.php - IP: ::1 - User: 18
[2025-06-29 18:29:30] INFO - Page accessed - User: 18, Role: User, File: user_dashboard.php - IP: ::1 - User: 18
[2025-06-29 18:29:30] WARNING - Unauthorized Access Attempt - /addwise_4/addwise_1/get_qr_locations.php - IP: ::1 - User: 18
[2025-06-29 18:29:30] WARNING - Unauthorized Access Attempt - /addwise_4/addwise_1/get_qr_locations.php - IP: ::1 - User: 18
[2025-06-29 18:29:30] WARNING - Unauthorized Access Attempt - /addwise_4/addwise_1/get_qr_locations.php - IP: ::1 - User: 18
[2025-06-29 18:29:31] INFO - Page accessed - User: 18, Role: User, File: user_dashboard.php - IP: ::1 - User: 18
[2025-06-29 18:29:31] WARNING - Unauthorized Access Attempt - /addwise_4/addwise_1/get_qr_locations.php - IP: ::1 - User: 18
[2025-06-29 18:29:31] WARNING - Unauthorized Access Attempt - /addwise_4/addwise_1/get_qr_locations.php - IP: ::1 - User: 18
[2025-06-29 18:33:11] INFO - Page accessed - User: 18, Role: User, File: user_dashboard.php - IP: ::1 - User: 18
[2025-06-29 18:33:11] WARNING - Unauthorized Access Attempt - /addwise_4/addwise_1/get_qr_locations.php - IP: ::1 - User: 18
[2025-06-29 18:33:11] WARNING - Unauthorized Access Attempt - /addwise_4/addwise_1/get_qr_locations.php - IP: ::1 - User: 18
[2025-06-29 18:33:46] INFO - Page accessed - User: 18, Role: User, File: manual_qr_add.php - IP: ::1 - User: 18
[2025-06-29 18:34:42] INFO - Page accessed - User: 18, Role: User, File: user_dashboard.php - IP: ::1 - User: 18
[2025-06-29 18:34:42] WARNING - Unauthorized Access Attempt - /addwise_4/addwise_1/get_qr_locations.php - IP: ::1 - User: 18
[2025-06-29 18:34:42] WARNING - Unauthorized Access Attempt - /addwise_4/addwise_1/get_qr_locations.php - IP: ::1 - User: 18
[2025-06-29 18:34:49] INFO - Page accessed - User: 18, Role: User, File: manual_qr_add.php - IP: ::1 - User: 18
[2025-06-29 18:36:29] INFO - Page accessed - User: 18, Role: User, File: user_dashboard.php - IP: ::1 - User: 18
[2025-06-29 18:36:29] WARNING - Unauthorized Access Attempt - /addwise_4/addwise_1/get_qr_locations.php - IP: ::1 - User: 18
[2025-06-29 18:36:29] WARNING - Unauthorized Access Attempt - /addwise_4/addwise_1/get_qr_locations.php - IP: ::1 - User: 18
[2025-06-29 18:36:46] INFO - Page accessed - User: 18, Role: User, File: user_dashboard.php - IP: ::1 - User: 18
[2025-06-29 18:36:46] WARNING - Unauthorized Access Attempt - /addwise_4/addwise_1/get_qr_locations.php - IP: ::1 - User: 18
[2025-06-29 18:36:46] WARNING - Unauthorized Access Attempt - /addwise_4/addwise_1/get_qr_locations.php - IP: ::1 - User: 18
[2025-06-29 18:37:40] INFO - Page accessed - User: 18, Role: User, File: user_dashboard.php - IP: ::1 - User: 18
[2025-06-29 18:37:40] WARNING - Unauthorized Access Attempt - /addwise_4/addwise_1/get_qr_locations.php - IP: ::1 - User: 18
[2025-06-29 18:37:40] WARNING - Unauthorized Access Attempt - /addwise_4/addwise_1/get_qr_locations.php - IP: ::1 - User: 18
[2025-06-29 18:39:59] INFO - Page accessed - User: 18, Role: User, File: user_dashboard.php - IP: ::1 - User: 18
[2025-06-29 18:39:59] WARNING - Unauthorized Access Attempt - /addwise_4/addwise_1/get_qr_locations.php - IP: ::1 - User: 18
[2025-06-29 18:39:59] WARNING - Unauthorized Access Attempt - /addwise_4/addwise_1/get_qr_locations.php - IP: ::1 - User: 18
[2025-06-29 18:39:59] WARNING - Unauthorized Access Attempt - /addwise_4/addwise_1/get_qr_locations.php - IP: ::1 - User: 18
[2025-06-29 18:40:09] INFO - Page accessed - User: 18, Role: User, File: user_dashboard.php - IP: ::1 - User: 18
[2025-06-29 18:40:09] WARNING - Unauthorized Access Attempt - /addwise_4/addwise_1/get_qr_locations.php - IP: ::1 - User: 18
[2025-06-29 18:40:09] WARNING - Unauthorized Access Attempt - /addwise_4/addwise_1/get_qr_locations.php - IP: ::1 - User: 18
[2025-06-29 18:41:05] INFO - Page accessed - User: 18, Role: User, File: upload_qr_file.php - IP: ::1 - User: 18
[2025-06-29 18:41:07] INFO - Page accessed - User: 18, Role: User, File: user_dashboard.php - IP: ::1 - User: 18
[2025-06-29 18:41:07] WARNING - Unauthorized Access Attempt - /addwise_4/addwise_1/get_qr_locations.php - IP: ::1 - User: 18
[2025-06-29 18:41:07] WARNING - Unauthorized Access Attempt - /addwise_4/addwise_1/get_qr_locations.php - IP: ::1 - User: 18
[2025-06-29 18:42:20] INFO - Page accessed - User: 18, Role: User, File: user_dashboard.php - IP: ::1 - User: 18
[2025-06-29 18:42:20] WARNING - Unauthorized Access Attempt - /addwise_4/addwise_1/get_qr_locations.php - IP: ::1 - User: 18
[2025-06-29 18:42:20] WARNING - Unauthorized Access Attempt - /addwise_4/addwise_1/get_qr_locations.php - IP: ::1 - User: 18
[2025-06-29 18:42:20] WARNING - Unauthorized Access Attempt - /addwise_4/addwise_1/get_qr_locations.php - IP: ::1 - User: 18
[2025-06-29 18:46:00] INFO - Page accessed - User: 18, Role: User, File: user_dashboard.php - IP: ::1 - User: 18
[2025-06-29 18:46:01] WARNING - Unauthorized Access Attempt - /addwise_4/addwise_1/get_qr_locations.php - IP: ::1 - User: 18
[2025-06-29 18:46:01] WARNING - Unauthorized Access Attempt - /addwise_4/addwise_1/get_qr_locations.php - IP: ::1 - User: 18
[2025-06-29 18:46:01] WARNING - Unauthorized Access Attempt - /addwise_4/addwise_1/get_qr_locations.php - IP: ::1 - User: 18
[2025-06-29 18:46:11] INFO - Page accessed - User: 18, Role: User, File: user_dashboard.php - IP: ::1 - User: 18
[2025-06-29 18:46:11] WARNING - Unauthorized Access Attempt - /addwise_4/addwise_1/get_qr_locations.php - IP: ::1 - User: 18
[2025-06-29 18:46:11] WARNING - Unauthorized Access Attempt - /addwise_4/addwise_1/get_qr_locations.php - IP: ::1 - User: 18
[2025-06-29 18:46:11] WARNING - Unauthorized Access Attempt - /addwise_4/addwise_1/get_qr_locations.php - IP: ::1 - User: 18
[2025-06-29 18:56:32] INFO - Page accessed - User: 18, Role: User, File: user_dashboard.php - IP: ::1 - User: 18
[2025-06-29 18:56:32] WARNING - Unauthorized Access Attempt - /addwise_4/addwise_1/get_qr_locations.php - IP: ::1 - User: 18
[2025-06-29 18:56:34] WARNING - Unauthorized Access Attempt - /addwise_4/addwise_1/get_qr_locations.php - IP: ::1 - User: 18
[2025-06-29 18:56:39] INFO - Page accessed - User: 18, Role: User, File: user_dashboard.php - IP: ::1 - User: 18
[2025-06-29 18:56:39] WARNING - Unauthorized Access Attempt - /addwise_4/addwise_1/get_qr_locations.php - IP: ::1 - User: 18
[2025-06-29 18:56:39] WARNING - Unauthorized Access Attempt - /addwise_4/addwise_1/get_qr_locations.php - IP: ::1 - User: 18
[2025-06-29 18:57:00] INFO - Page accessed - User: 18, Role: User, File: user_dashboard.php - IP: ::1 - User: 18
[2025-06-29 18:57:00] WARNING - Unauthorized Access Attempt - /addwise_4/addwise_1/get_qr_locations.php - IP: ::1 - User: 18
[2025-06-29 18:57:00] WARNING - Unauthorized Access Attempt - /addwise_4/addwise_1/get_qr_locations.php - IP: ::1 - User: 18
[2025-06-29 18:58:50] INFO - Page accessed - User: 18, Role: User, File: user_dashboard.php - IP: ::1 - User: 18
[2025-06-29 18:58:50] WARNING - Unauthorized Access Attempt - /addwise_4/addwise_1/get_qr_locations.php - IP: ::1 - User: 18
[2025-06-29 18:58:50] WARNING - Unauthorized Access Attempt - /addwise_4/addwise_1/get_qr_locations.php - IP: ::1 - User: 18
[2025-06-29 18:58:50] WARNING - Unauthorized Access Attempt - /addwise_4/addwise_1/get_qr_locations.php - IP: ::1 - User: 18
[2025-06-29 18:59:14] INFO - Page accessed - User: 18, Role: User, File: user_dashboard.php - IP: ::1 - User: 18
[2025-06-29 18:59:14] WARNING - Unauthorized Access Attempt - /addwise_4/addwise_1/get_qr_locations.php - IP: ::1 - User: 18
[2025-06-29 18:59:14] WARNING - Unauthorized Access Attempt - /addwise_4/addwise_1/get_qr_locations.php - IP: ::1 - User: 18
[2025-06-29 19:00:07] INFO - Page accessed - User: 18, Role: User, File: user_dashboard.php - IP: ::1 - User: 18
[2025-06-29 19:00:07] WARNING - Unauthorized Access Attempt - /addwise_4/addwise_1/get_qr_locations.php - IP: ::1 - User: 18
[2025-06-29 19:00:07] WARNING - Unauthorized Access Attempt - /addwise_4/addwise_1/get_qr_locations.php - IP: ::1 - User: 18
[2025-06-29 19:04:45] INFO - Page accessed - User: 18, Role: User, File: user_dashboard.php - IP: ::1 - User: 18
[2025-06-29 19:04:45] WARNING - Unauthorized Access Attempt - /addwise_4/addwise_1/get_qr_locations.php - IP: ::1 - User: 18
[2025-06-29 19:04:45] WARNING - Unauthorized Access Attempt - /addwise_4/addwise_1/get_qr_locations.php - IP: ::1 - User: 18
[2025-06-29 19:07:40] INFO - Page accessed - User: 18, Role: User, File: user_dashboard.php - IP: ::1 - User: 18
[2025-06-29 19:07:40] WARNING - Unauthorized Access Attempt - /addwise_4/addwise_1/get_qr_locations.php - IP: ::1 - User: 18
[2025-06-29 19:07:40] WARNING - Unauthorized Access Attempt - /addwise_4/addwise_1/get_qr_locations.php - IP: ::1 - User: 18
[2025-06-29 19:12:45] INFO - Page accessed - User: 18, Role: User, File: user_dashboard.php - IP: ::1 - User: 18
[2025-06-29 19:12:45] WARNING - Unauthorized Access Attempt - /addwise_4/addwise_1/get_qr_locations.php - IP: ::1 - User: 18
[2025-06-29 19:12:45] WARNING - Unauthorized Access Attempt - /addwise_4/addwise_1/get_qr_locations.php - IP: ::1 - User: 18
[2025-06-29 19:12:45] WARNING - Unauthorized Access Attempt - /addwise_4/addwise_1/get_qr_locations.php - IP: ::1 - User: 18
[2025-06-29 19:29:37] INFO - Page accessed - User: 18, Role: User, File: user_dashboard.php - IP: ::1 - User: 18
[2025-06-29 19:29:38] WARNING - Unauthorized Access Attempt - /addwise_4/addwise_1/get_qr_locations.php - IP: ::1 - User: 18
[2025-06-29 19:31:56] INFO - Page accessed - User: 18, Role: User, File: user_dashboard.php - IP: ::1 - User: 18
[2025-06-29 19:31:57] INFO - Page accessed - User: 18, Role: User, File: user_dashboard.php - IP: ::1 - User: 18
[2025-06-29 19:31:57] WARNING - Unauthorized Access Attempt - /addwise_4/addwise_1/get_qr_locations.php - IP: ::1 - User: 18
[2025-06-29 19:32:04] INFO - Page accessed - User: 18, Role: User, File: user_dashboard.php - IP: ::1 - User: 18
[2025-06-29 19:32:04] INFO - Page accessed - User: 18, Role: User, File: user_dashboard.php - IP: ::1 - User: 18
[2025-06-29 19:32:04] WARNING - Unauthorized Access Attempt - /addwise_4/addwise_1/get_qr_locations.php - IP: ::1 - User: 18
[2025-06-29 19:32:10] INFO - Page accessed - User: 18, Role: User, File: user_dashboard.php - IP: ::1 - User: 18
[2025-06-29 19:32:10] INFO - Page accessed - User: 18, Role: User, File: user_dashboard.php - IP: ::1 - User: 18
[2025-06-29 19:32:10] WARNING - Unauthorized Access Attempt - /addwise_4/addwise_1/get_qr_locations.php - IP: ::1 - User: 18
[2025-06-29 19:32:27] INFO - Page accessed - User: 18, Role: User, File: user_dashboard.php - IP: ::1 - User: 18
[2025-06-29 19:32:27] WARNING - Unauthorized Access Attempt - /addwise_4/addwise_1/get_qr_locations.php - IP: ::1 - User: 18
[2025-06-29 19:42:34] INFO - Page accessed - User: 18, Role: User, File: user_dashboard.php - IP: ::1 - User: 18
[2025-06-29 19:42:35] WARNING - Unauthorized Access Attempt - /addwise_4/addwise_1/get_qr_locations.php - IP: ::1 - User: 18
[2025-06-29 19:43:28] INFO - Page accessed - User: 18, Role: User, File: user_dashboard.php - IP: ::1 - User: 18
[2025-06-29 19:43:28] WARNING - Unauthorized Access Attempt - /addwise_4/addwise_1/get_qr_locations.php - IP: ::1 - User: 18
[2025-06-29 19:43:28] WARNING - Unauthorized Access Attempt - /addwise_4/addwise_1/get_qr_locations.php - IP: ::1 - User: 18
[2025-06-29 19:43:29] INFO - Page accessed - User: 18, Role: User, File: user_dashboard.php - IP: ::1 - User: 18
[2025-06-29 19:43:29] WARNING - Unauthorized Access Attempt - /addwise_4/addwise_1/get_qr_locations.php - IP: ::1 - User: 18
[2025-06-29 19:43:39] INFO - Page accessed - User: 18, Role: User, File: user_dashboard.php - IP: ::1 - User: 18
[2025-06-29 19:43:39] WARNING - Unauthorized Access Attempt - /addwise_4/addwise_1/get_qr_locations.php - IP: ::1 - User: 18
[2025-06-29 19:43:39] WARNING - Unauthorized Access Attempt - /addwise_4/addwise_1/get_qr_locations.php - IP: ::1 - User: 18
[2025-06-29 19:45:21] INFO - Page accessed - User: 18, Role: User, File: user_dashboard.php - IP: ::1 - User: 18
[2025-06-29 19:45:22] WARNING - Unauthorized Access Attempt - /addwise_4/addwise_1/get_qr_locations.php - IP: ::1 - User: 18
[2025-06-29 19:46:51] INFO - Page accessed - User: 18, Role: User, File: user_dashboard.php - IP: ::1 - User: 18
[2025-06-29 19:46:51] WARNING - Unauthorized Access Attempt - /addwise_4/addwise_1/get_qr_locations.php - IP: ::1 - User: 18
[2025-06-29 19:46:58] INFO - Page accessed - User: 18, Role: User, File: user_dashboard.php - IP: ::1 - User: 18
[2025-06-29 19:46:58] INFO - Page accessed - User: 18, Role: User, File: user_dashboard.php - IP: ::1 - User: 18
[2025-06-29 19:46:58] WARNING - Unauthorized Access Attempt - /addwise_4/addwise_1/get_qr_locations.php - IP: ::1 - User: 18
[2025-06-29 19:47:24] INFO - Page accessed - User: 18, Role: User, File: user_dashboard.php - IP: ::1 - User: 18
[2025-06-29 19:47:24] WARNING - Unauthorized Access Attempt - /addwise_4/addwise_1/get_qr_locations.php - IP: ::1 - User: 18
[2025-06-29 19:51:12] INFO - Page accessed - User: 18, Role: User, File: user_dashboard.php - IP: ::1 - User: 18
[2025-06-29 19:51:12] WARNING - Unauthorized Access Attempt - /addwise_4/addwise_1/get_qr_locations.php - IP: ::1 - User: 18
[2025-06-29 19:51:12] WARNING - Unauthorized Access Attempt - /addwise_4/addwise_1/get_qr_locations.php - IP: ::1 - User: 18
[2025-06-29 19:51:14] INFO - Page accessed - User: 18, Role: User, File: user_dashboard.php - IP: ::1 - User: 18
[2025-06-29 19:51:14] WARNING - Unauthorized Access Attempt - /addwise_4/addwise_1/get_qr_locations.php - IP: ::1 - User: 18
[2025-06-29 19:53:06] INFO - Page accessed - User: 18, Role: User, File: user_dashboard.php - IP: ::1 - User: 18
[2025-06-29 19:53:06] WARNING - Unauthorized Access Attempt - /addwise_4/addwise_1/get_qr_locations.php - IP: ::1 - User: 18
[2025-06-29 19:53:11] INFO - Page accessed - User: 18, Role: User, File: user_dashboard.php - IP: ::1 - User: 18
[2025-06-29 19:53:11] WARNING - Unauthorized Access Attempt - /addwise_4/addwise_1/get_qr_locations.php - IP: ::1 - User: 18
[2025-06-29 19:53:25] INFO - Page accessed - User: 18, Role: User, File: user_dashboard.php - IP: ::1 - User: 18
[2025-06-29 19:53:25] INFO - Page accessed - User: 18, Role: User, File: user_dashboard.php - IP: ::1 - User: 18
[2025-06-29 19:53:25] WARNING - Unauthorized Access Attempt - /addwise_4/addwise_1/get_qr_locations.php - IP: ::1 - User: 18
[2025-06-29 19:54:38] INFO - Page accessed - User: 18, Role: User, File: user_dashboard.php - IP: ::1 - User: 18
[2025-06-29 19:54:38] WARNING - Unauthorized Access Attempt - /addwise_4/addwise_1/get_qr_locations.php - IP: ::1 - User: 18
[2025-06-29 19:58:49] INFO - Page accessed - User: 18, Role: User, File: user_dashboard.php - IP: ::1 - User: 18
[2025-06-29 19:58:49] WARNING - Unauthorized Access Attempt - /addwise_4/addwise_1/get_qr_locations.php - IP: ::1 - User: 18
[2025-06-29 19:59:58] INFO - Page accessed - User: 18, Role: User, File: user_dashboard.php - IP: ::1 - User: 18
[2025-06-29 19:59:59] WARNING - Unauthorized Access Attempt - /addwise_4/addwise_1/get_qr_locations.php - IP: ::1 - User: 18
[2025-06-29 19:59:59] WARNING - Unauthorized Access Attempt - /addwise_4/addwise_1/get_qr_locations.php - IP: ::1 - User: 18
[2025-06-29 20:03:12] INFO - Page accessed - User: 18, Role: User, File: user_dashboard.php - IP: ::1 - User: 18
[2025-06-29 20:03:12] WARNING - Unauthorized Access Attempt - /addwise_4/addwise_1/get_qr_locations.php - IP: ::1 - User: 18
[2025-06-29 20:03:30] INFO - Page accessed - User: 18, Role: User, File: user_dashboard.php - IP: ::1 - User: 18
[2025-06-29 20:03:30] INFO - Page accessed - User: 18, Role: User, File: user_dashboard.php - IP: ::1 - User: 18
[2025-06-29 20:03:30] WARNING - Unauthorized Access Attempt - /addwise_4/addwise_1/get_qr_locations.php - IP: ::1 - User: 18
[2025-06-29 20:05:58] INFO - Page accessed - User: 18, Role: User, File: user_dashboard.php - IP: ::1 - User: 18
[2025-06-29 20:05:58] WARNING - Unauthorized Access Attempt - /addwise_4/addwise_1/get_qr_locations.php - IP: ::1 - User: 18
[2025-06-29 20:05:58] WARNING - Unauthorized Access Attempt - /addwise_4/addwise_1/get_qr_locations.php - IP: ::1 - User: 18
[2025-06-29 20:05:59] INFO - Page accessed - User: 18, Role: User, File: user_dashboard.php - IP: ::1 - User: 18
[2025-06-29 20:05:59] WARNING - Unauthorized Access Attempt - /addwise_4/addwise_1/get_qr_locations.php - IP: ::1 - User: 18
[2025-06-29 20:07:11] INFO - Page accessed - User: 18, Role: User, File: user_dashboard.php - IP: ::1 - User: 18
[2025-06-29 20:07:11] WARNING - Unauthorized Access Attempt - /addwise_4/addwise_1/get_qr_locations.php - IP: ::1 - User: 18
[2025-06-29 20:07:12] INFO - Page accessed - User: 18, Role: User, File: user_dashboard.php - IP: ::1 - User: 18
[2025-06-29 20:07:12] WARNING - Unauthorized Access Attempt - /addwise_4/addwise_1/get_qr_locations.php - IP: ::1 - User: 18
[2025-06-29 20:07:12] WARNING - Unauthorized Access Attempt - /addwise_4/addwise_1/get_qr_locations.php - IP: ::1 - User: 18
[2025-06-29 20:08:18] INFO - Page accessed - User: 18, Role: User, File: user_dashboard.php - IP: ::1 - User: 18
[2025-06-29 20:08:18] WARNING - Unauthorized Access Attempt - /addwise_4/addwise_1/get_qr_locations.php - IP: ::1 - User: 18
[2025-06-29 20:08:37] INFO - Page accessed - User: 18, Role: User, File: user_dashboard.php - IP: ::1 - User: 18
[2025-06-29 20:08:37] WARNING - Unauthorized Access Attempt - /addwise_4/addwise_1/get_qr_locations.php - IP: ::1 - User: 18
[2025-06-29 20:09:03] INFO - Page accessed - User: 18, Role: User, File: user_dashboard.php - IP: ::1 - User: 18
[2025-06-29 20:09:03] INFO - Page accessed - User: 18, Role: User, File: user_dashboard.php - IP: ::1 - User: 18
[2025-06-29 20:09:03] WARNING - Unauthorized Access Attempt - /addwise_4/addwise_1/get_qr_locations.php - IP: ::1 - User: 18
[2025-06-29 20:14:48] INFO - Page accessed - User: 18, Role: User, File: user_dashboard.php - IP: ::1 - User: 18
[2025-06-29 20:14:48] WARNING - Unauthorized Access Attempt - /addwise_4/addwise_1/get_qr_locations.php - IP: ::1 - User: 18
[2025-06-29 20:15:18] INFO - Page accessed - User: 18, Role: User, File: user_dashboard.php - IP: ::1 - User: 18
[2025-06-29 20:15:18] WARNING - Unauthorized Access Attempt - /addwise_4/addwise_1/get_qr_locations.php - IP: ::1 - User: 18
[2025-06-29 20:15:18] WARNING - Unauthorized Access Attempt - /addwise_4/addwise_1/get_qr_locations.php - IP: ::1 - User: 18
[2025-06-29 20:16:14] INFO - Page accessed - User: 18, Role: User, File: user_dashboard.php - IP: ::1 - User: 18
[2025-06-29 20:16:14] WARNING - Unauthorized Access Attempt - /addwise_4/addwise_1/get_qr_locations.php - IP: ::1 - User: 18
[2025-06-30 06:19:31] INFO - Page accessed - User: 18, Role: User, File: user_dashboard.php - IP: ::1 - User: 18
[2025-06-30 06:19:32] WARNING - Unauthorized Access Attempt - /addwise_4/addwise_1/get_qr_locations.php - IP: ::1 - User: 18
[2025-06-30 06:32:21] INFO - Page accessed - User: 18, Role: User, File: user_dashboard.php - IP: ::1 - User: 18
[2025-06-30 06:32:21] WARNING - Unauthorized Access Attempt - /addwise_4/addwise_1/get_qr_locations.php - IP: ::1 - User: 18
[2025-06-30 06:32:21] WARNING - Unauthorized Access Attempt - /addwise_4/addwise_1/get_qr_locations.php - IP: ::1 - User: 18
[2025-06-30 06:32:23] INFO - Page accessed - User: 18, Role: User, File: user_dashboard.php - IP: ::1 - User: 18
[2025-06-30 06:32:23] WARNING - Unauthorized Access Attempt - /addwise_4/addwise_1/get_qr_locations.php - IP: ::1 - User: 18
[2025-06-30 06:34:02] INFO - Page accessed - User: 18, Role: User, File: user_dashboard.php - IP: ::1 - User: 18
[2025-06-30 06:34:02] WARNING - Unauthorized Access Attempt - /addwise_4/addwise_1/get_qr_locations.php - IP: ::1 - User: 18
[2025-06-30 06:34:04] INFO - Page accessed - User: 18, Role: User, File: user_dashboard.php - IP: ::1 - User: 18
[2025-06-30 06:34:04] WARNING - Unauthorized Access Attempt - /addwise_4/addwise_1/get_qr_locations.php - IP: ::1 - User: 18
[2025-06-30 06:34:05] INFO - Page accessed - User: 18, Role: User, File: user_dashboard.php - IP: ::1 - User: 18
[2025-06-30 06:34:05] WARNING - Unauthorized Access Attempt - /addwise_4/addwise_1/get_qr_locations.php - IP: ::1 - User: 18
[2025-06-30 06:35:47] INFO - Page accessed - User: 18, Role: User, File: user_dashboard.php - IP: ::1 - User: 18
[2025-06-30 06:35:47] WARNING - Unauthorized Access Attempt - /addwise_4/addwise_1/get_qr_locations.php - IP: ::1 - User: 18
[2025-06-30 06:40:37] INFO - Page accessed - User: 18, Role: User, File: user_dashboard.php - IP: ::1 - User: 18
[2025-06-30 06:40:37] WARNING - Unauthorized Access Attempt - /addwise_4/addwise_1/get_qr_locations.php - IP: ::1 - User: 18
[2025-06-30 06:41:47] INFO - Page accessed - User: 18, Role: User, File: user_dashboard.php - IP: ::1 - User: 18
[2025-06-30 06:41:47] WARNING - Unauthorized Access Attempt - /addwise_4/addwise_1/get_qr_locations.php - IP: ::1 - User: 18
[2025-06-30 06:41:50] INFO - Page accessed - User: 18, Role: User, File: user_dashboard.php - IP: ::1 - User: 18
[2025-06-30 06:41:50] WARNING - Unauthorized Access Attempt - /addwise_4/addwise_1/get_qr_locations.php - IP: ::1 - User: 18
[2025-06-30 06:41:50] WARNING - Unauthorized Access Attempt - /addwise_4/addwise_1/get_qr_locations.php - IP: ::1 - User: 18
[2025-06-30 06:42:05] INFO - Page accessed - User: 18, Role: User, File: user_dashboard.php - IP: ::1 - User: 18
[2025-06-30 06:42:05] WARNING - Unauthorized Access Attempt - /addwise_4/addwise_1/get_qr_locations.php - IP: ::1 - User: 18
[2025-06-30 06:42:05] WARNING - Unauthorized Access Attempt - /addwise_4/addwise_1/get_qr_locations.php - IP: ::1 - User: 18
[2025-06-30 06:42:06] INFO - Page accessed - User: 18, Role: User, File: user_dashboard.php - IP: ::1 - User: 18
[2025-06-30 06:42:06] WARNING - Unauthorized Access Attempt - /addwise_4/addwise_1/get_qr_locations.php - IP: ::1 - User: 18
[2025-06-30 06:42:06] WARNING - Unauthorized Access Attempt - /addwise_4/addwise_1/get_qr_locations.php - IP: ::1 - User: 18
[2025-06-30 06:42:19] INFO - Page accessed - User: 18, Role: User, File: user_dashboard.php - IP: ::1 - User: 18
[2025-06-30 06:42:19] WARNING - Unauthorized Access Attempt - /addwise_4/addwise_1/get_qr_locations.php - IP: ::1 - User: 18
[2025-06-30 06:42:56] INFO - Page accessed - User: 18, Role: User, File: user_dashboard.php - IP: ::1 - User: 18
[2025-06-30 06:42:56] WARNING - Unauthorized Access Attempt - /addwise_4/addwise_1/get_qr_locations.php - IP: ::1 - User: 18
[2025-06-30 06:47:45] INFO - Page accessed - User: 18, Role: User, File: user_dashboard.php - IP: ::1 - User: 18
[2025-06-30 06:47:45] WARNING - Unauthorized Access Attempt - /addwise_4/addwise_1/get_qr_locations.php - IP: ::1 - User: 18
[2025-06-30 06:47:45] WARNING - Unauthorized Access Attempt - /addwise_4/addwise_1/get_qr_locations.php - IP: ::1 - User: 18
[2025-06-30 07:00:14] INFO - Page accessed - User: 18, Role: User, File: user_dashboard.php - IP: ::1 - User: 18
[2025-06-30 07:00:15] WARNING - Unauthorized Access Attempt - /addwise_4/addwise_1/get_qr_locations.php - IP: ::1 - User: 18
[2025-06-30 07:00:15] WARNING - Unauthorized Access Attempt - /addwise_4/addwise_1/get_qr_locations.php - IP: ::1 - User: 18
[2025-06-30 07:02:02] INFO - Page accessed - User: 18, Role: User, File: user_dashboard.php - IP: ::1 - User: 18
[2025-06-30 07:02:02] WARNING - Unauthorized Access Attempt - /addwise_4/addwise_1/get_qr_locations.php - IP: ::1 - User: 18
[2025-06-30 07:09:34] INFO - Page accessed - User: 19, Role: User, File: user_dashboard.php - IP: ::1 - User: 19
[2025-06-30 07:09:34] WARNING - Unauthorized Access Attempt - /addwise_4/addwise_1/get_qr_locations.php - IP: ::1 - User: 19
[2025-06-30 07:09:34] WARNING - Unauthorized Access Attempt - /addwise_4/addwise_1/get_qr_locations.php - IP: ::1 - User: 19
[2025-06-30 07:11:36] INFO - Page accessed - User: 19, Role: User, File: user_dashboard.php - IP: ::1 - User: 19
[2025-06-30 07:11:36] WARNING - Unauthorized Access Attempt - /addwise_4/addwise_1/get_qr_locations.php - IP: ::1 - User: 19
[2025-06-30 07:12:03] INFO - Page accessed - User: 19, Role: User, File: user_dashboard.php - IP: ::1 - User: 19
[2025-06-30 07:12:03] WARNING - Unauthorized Access Attempt - /addwise_4/addwise_1/get_qr_locations.php - IP: ::1 - User: 19
[2025-06-30 07:12:14] INFO - Page accessed - User: 19, Role: User, File: user_dashboard.php - IP: ::1 - User: 19
[2025-06-30 07:12:14] WARNING - Unauthorized Access Attempt - /addwise_4/addwise_1/get_qr_locations.php - IP: ::1 - User: 19
[2025-06-30 07:12:14] WARNING - Unauthorized Access Attempt - /addwise_4/addwise_1/get_qr_locations.php - IP: ::1 - User: 19
[2025-06-30 07:12:24] INFO - Page accessed - User: 19, Role: User, File: upload_qr_file.php - IP: ::1 - User: 19
[2025-06-30 07:12:26] INFO - Page accessed - User: 19, Role: User, File: user_dashboard.php - IP: ::1 - User: 19
[2025-06-30 07:12:26] WARNING - Unauthorized Access Attempt - /addwise_4/addwise_1/get_qr_locations.php - IP: ::1 - User: 19
[2025-06-30 07:13:38] INFO - Page accessed - User: 18, Role: User, File: user_dashboard.php - IP: ::1 - User: 18
[2025-06-30 07:13:38] WARNING - Unauthorized Access Attempt - /addwise_4/addwise_1/get_qr_locations.php - IP: ::1 - User: 18
[2025-06-30 07:15:09] INFO - Page accessed - User: 18, Role: User, File: user_dashboard.php - IP: ::1 - User: 18
[2025-06-30 07:15:09] WARNING - Unauthorized Access Attempt - /addwise_4/addwise_1/get_qr_locations.php - IP: ::1 - User: 18
[2025-06-30 07:15:09] WARNING - Unauthorized Access Attempt - /addwise_4/addwise_1/get_qr_locations.php - IP: ::1 - User: 18
[2025-06-30 07:15:10] INFO - Page accessed - User: 18, Role: User, File: user_dashboard.php - IP: ::1 - User: 18
[2025-06-30 07:15:10] WARNING - Unauthorized Access Attempt - /addwise_4/addwise_1/get_qr_locations.php - IP: ::1 - User: 18
[2025-06-30 07:15:16] INFO - Page accessed - User: 18, Role: User, File: user_dashboard.php - IP: ::1 - User: 18
[2025-06-30 07:15:16] WARNING - Unauthorized Access Attempt - /addwise_4/addwise_1/get_qr_locations.php - IP: ::1 - User: 18
[2025-06-30 07:15:16] WARNING - Unauthorized Access Attempt - /addwise_4/addwise_1/get_qr_locations.php - IP: ::1 - User: 18
[2025-06-30 08:51:54] INFO - Page accessed - User: 18, Role: User, File: user_dashboard.php - IP: ::1 - User: 18
[2025-06-30 08:51:55] WARNING - Unauthorized Access Attempt - /addwise_4/addwise_1/get_qr_locations.php - IP: ::1 - User: 18
[2025-06-30 08:52:51] INFO - Page accessed - User: 18, Role: User, File: user_dashboard.php - IP: ::1 - User: 18
[2025-06-30 08:52:51] WARNING - Unauthorized Access Attempt - /addwise_4/addwise_1/get_qr_locations.php - IP: ::1 - User: 18
[2025-06-30 08:54:30] INFO - Page accessed - User: 18, Role: User, File: user_dashboard.php - IP: ::1 - User: 18
[2025-06-30 08:54:30] WARNING - Unauthorized Access Attempt - /addwise_4/addwise_1/get_qr_locations.php - IP: ::1 - User: 18
[2025-06-30 09:01:31] INFO - Page accessed - User: 18, Role: User, File: user_dashboard.php - IP: ::1 - User: 18
[2025-06-30 09:01:31] WARNING - Unauthorized Access Attempt - /addwise_4/addwise_1/get_qr_locations.php - IP: ::1 - User: 18
[2025-06-30 09:01:31] WARNING - Unauthorized Access Attempt - /addwise_4/addwise_1/get_qr_locations.php - IP: ::1 - User: 18
[2025-06-30 09:02:15] INFO - Page accessed - User: 18, Role: User, File: user_dashboard.php - IP: ::1 - User: 18
[2025-06-30 09:02:15] WARNING - Unauthorized Access Attempt - /addwise_4/addwise_1/get_qr_locations.php - IP: ::1 - User: 18
[2025-06-30 09:02:15] WARNING - Unauthorized Access Attempt - /addwise_4/addwise_1/get_qr_locations.php - IP: ::1 - User: 18
[2025-06-30 09:05:19] INFO - Page accessed - User: 18, Role: User, File: user_dashboard.php - IP: ::1 - User: 18
[2025-06-30 09:05:20] WARNING - Unauthorized Access Attempt - /addwise_4/addwise_1/get_qr_locations.php - IP: ::1 - User: 18
[2025-06-30 09:05:21] INFO - Page accessed - User: 18, Role: User, File: user_dashboard.php - IP: ::1 - User: 18
[2025-06-30 09:05:21] WARNING - Unauthorized Access Attempt - /addwise_4/addwise_1/get_qr_locations.php - IP: ::1 - User: 18
[2025-06-30 09:05:21] WARNING - Unauthorized Access Attempt - /addwise_4/addwise_1/get_qr_locations.php - IP: ::1 - User: 18
[2025-06-30 09:05:35] INFO - Page accessed - User: 18, Role: User, File: user_dashboard.php - IP: ::1 - User: 18
[2025-06-30 09:05:35] WARNING - Unauthorized Access Attempt - /addwise_4/addwise_1/get_qr_locations.php - IP: ::1 - User: 18
[2025-06-30 09:05:35] WARNING - Unauthorized Access Attempt - /addwise_4/addwise_1/get_qr_locations.php - IP: ::1 - User: 18
[2025-06-30 09:05:36] INFO - Page accessed - User: 18, Role: User, File: user_dashboard.php - IP: ::1 - User: 18
[2025-06-30 09:05:36] WARNING - Unauthorized Access Attempt - /addwise_4/addwise_1/get_qr_locations.php - IP: ::1 - User: 18
[2025-06-30 09:05:36] INFO - Page accessed - User: 18, Role: User, File: user_dashboard.php - IP: ::1 - User: 18
[2025-06-30 09:05:36] WARNING - Unauthorized Access Attempt - /addwise_4/addwise_1/get_qr_locations.php - IP: ::1 - User: 18
[2025-06-30 09:05:36] WARNING - Unauthorized Access Attempt - /addwise_4/addwise_1/get_qr_locations.php - IP: ::1 - User: 18
[2025-06-30 09:05:36] INFO - Page accessed - User: 18, Role: User, File: user_dashboard.php - IP: ::1 - User: 18
[2025-06-30 09:05:36] WARNING - Unauthorized Access Attempt - /addwise_4/addwise_1/get_qr_locations.php - IP: ::1 - User: 18
[2025-06-30 09:05:36] WARNING - Unauthorized Access Attempt - /addwise_4/addwise_1/get_qr_locations.php - IP: ::1 - User: 18
[2025-06-30 09:05:36] INFO - Page accessed - User: 18, Role: User, File: user_dashboard.php - IP: ::1 - User: 18
[2025-06-30 09:07:40] INFO - Page accessed - User: 18, Role: User, File: user_dashboard.php - IP: ::1 - User: 18
[2025-06-30 09:07:40] WARNING - Unauthorized Access Attempt - /addwise_4/addwise_1/get_qr_locations.php - IP: ::1 - User: 18
[2025-06-30 09:07:42] INFO - Page accessed - User: 18, Role: User, File: edit_profile_users.php - IP: ::1 - User: 18
[2025-06-30 09:08:16] INFO - Page accessed - User: 18, Role: User, File: edit_profile_users.php - IP: ::1 - User: 18
[2025-06-30 09:08:21] INFO - Page accessed - User: 18, Role: User, File: user_dashboard.php - IP: ::1 - User: 18
[2025-06-30 09:08:21] WARNING - Unauthorized Access Attempt - /addwise_4/addwise_1/get_qr_locations.php - IP: ::1 - User: 18
[2025-06-30 09:09:51] INFO - Page accessed - User: 18, Role: User, File: user_dashboard.php - IP: ::1 - User: 18
[2025-06-30 09:09:51] WARNING - Unauthorized Access Attempt - /addwise_4/addwise_1/get_qr_locations.php - IP: ::1 - User: 18
[2025-06-30 09:09:51] WARNING - Unauthorized Access Attempt - /addwise_4/addwise_1/get_qr_locations.php - IP: ::1 - User: 18
[2025-06-30 09:09:52] INFO - Page accessed - User: 18, Role: User, File: user_dashboard.php - IP: ::1 - User: 18
[2025-06-30 09:09:52] WARNING - Unauthorized Access Attempt - /addwise_4/addwise_1/get_qr_locations.php - IP: ::1 - User: 18
[2025-06-30 09:10:27] INFO - Page accessed - User: 18, Role: User, File: user_dashboard.php - IP: ::1 - User: 18
[2025-06-30 09:10:27] WARNING - Unauthorized Access Attempt - /addwise_4/addwise_1/get_qr_locations.php - IP: ::1 - User: 18
[2025-06-30 09:10:27] WARNING - Unauthorized Access Attempt - /addwise_4/addwise_1/get_qr_locations.php - IP: ::1 - User: 18
[2025-06-30 09:10:38] INFO - Page accessed - User: 18, Role: User, File: user_dashboard.php - IP: ::1 - User: 18
[2025-06-30 09:10:38] WARNING - Unauthorized Access Attempt - /addwise_4/addwise_1/get_qr_locations.php - IP: ::1 - User: 18
[2025-06-30 09:10:53] WARNING - Unauthorized Access Attempt - /addwise_4/addwise_1/user_dashboard.php - IP: ::1 - User: anonymous
[2025-06-30 09:13:27] INFO - Page accessed - User: 18, Role: User, File: user_dashboard.php - IP: ::1 - User: 18
[2025-06-30 09:13:27] WARNING - Unauthorized Access Attempt - /addwise_4/addwise_1/get_qr_locations.php - IP: ::1 - User: 18
[2025-06-30 09:14:25] INFO - Page accessed - User: 18, Role: User, File: user_dashboard.php - IP: ::1 - User: 18
[2025-06-30 09:14:26] WARNING - Unauthorized Access Attempt - /addwise_4/addwise_1/get_qr_locations.php - IP: ::1 - User: 18
[2025-06-30 09:14:26] INFO - Page accessed - User: 18, Role: User, File: user_dashboard.php - IP: ::1 - User: 18
[2025-06-30 09:14:27] WARNING - Unauthorized Access Attempt - /addwise_4/addwise_1/get_qr_locations.php - IP: ::1 - User: 18
[2025-06-30 09:14:32] INFO - Page accessed - User: 18, Role: User, File: user_dashboard.php - IP: ::1 - User: 18
[2025-06-30 09:14:32] WARNING - Unauthorized Access Attempt - /addwise_4/addwise_1/get_qr_locations.php - IP: ::1 - User: 18
[2025-06-30 09:14:33] WARNING - Unauthorized Access Attempt - /addwise_4/addwise_1/get_qr_locations.php - IP: ::1 - User: 18
[2025-06-30 09:14:56] INFO - Page accessed - User: 18, Role: User, File: user_dashboard.php - IP: ::1 - User: 18
[2025-06-30 09:14:57] WARNING - Unauthorized Access Attempt - /addwise_4/addwise_1/get_qr_locations.php - IP: ::1 - User: 18
[2025-06-30 09:14:57] WARNING - Unauthorized Access Attempt - /addwise_4/addwise_1/get_qr_locations.php - IP: ::1 - User: 18
[2025-06-30 09:14:57] INFO - Page accessed - User: 18, Role: User, File: user_dashboard.php - IP: ::1 - User: 18
[2025-06-30 09:14:57] WARNING - Unauthorized Access Attempt - /addwise_4/addwise_1/get_qr_locations.php - IP: ::1 - User: 18
[2025-06-30 11:14:39] INFO - Page accessed - User: 18, Role: User, File: user_dashboard.php - IP: ::1 - User: 18
[2025-06-30 11:14:39] WARNING - Unauthorized Access Attempt - /addwise_4/addwise_1/get_qr_locations.php - IP: ::1 - User: 18
[2025-06-30 11:14:39] WARNING - Unauthorized Access Attempt - /addwise_4/addwise_1/get_qr_locations.php - IP: ::1 - User: 18
[2025-06-30 11:17:21] INFO - Page accessed - User: 18, Role: User, File: user_dashboard.php - IP: ::1 - User: 18
[2025-06-30 11:17:21] WARNING - Unauthorized Access Attempt - /addwise_4/addwise_1/get_qr_locations.php - IP: ::1 - User: 18
[2025-06-30 12:57:24] INFO - Page accessed - User: 18, Role: User, File: user_dashboard.php - IP: ::1 - User: 18
[2025-06-30 12:57:24] WARNING - Unauthorized Access Attempt - /addwise_4/addwise_1/get_qr_locations.php - IP: ::1 - User: 18
[2025-06-30 12:57:24] WARNING - Unauthorized Access Attempt - /addwise_4/addwise_1/get_qr_locations.php - IP: ::1 - User: 18
[2025-06-30 12:58:56] INFO - Page accessed - User: 18, Role: User, File: user_dashboard.php - IP: ::1 - User: 18
[2025-06-30 12:58:56] WARNING - Unauthorized Access Attempt - /addwise_4/addwise_1/get_qr_locations.php - IP: ::1 - User: 18
[2025-06-30 12:59:05] INFO - Page accessed - User: 18, Role: User, File: user_dashboard.php - IP: ::1 - User: 18
[2025-06-30 12:59:06] WARNING - Unauthorized Access Attempt - /addwise_4/addwise_1/get_qr_locations.php - IP: ::1 - User: 18
[2025-06-30 13:00:13] INFO - Page accessed - User: 18, Role: User, File: user_dashboard.php - IP: ::1 - User: 18
[2025-06-30 13:00:13] WARNING - Unauthorized Access Attempt - /addwise_4/addwise_1/get_qr_locations.php - IP: ::1 - User: 18
[2025-06-30 13:00:34] INFO - Page accessed - User: 18, Role: User, File: user_dashboard.php - IP: ::1 - User: 18
[2025-06-30 13:00:34] WARNING - Unauthorized Access Attempt - /addwise_4/addwise_1/get_qr_locations.php - IP: ::1 - User: 18
[2025-06-30 13:09:11] INFO - Page accessed - User: 18, Role: User, File: user_dashboard.php - IP: ::1 - User: 18
[2025-06-30 13:09:11] WARNING - Unauthorized Access Attempt - /addwise_4/addwise_1/get_qr_locations.php - IP: ::1 - User: 18
[2025-06-30 13:13:48] INFO - Page accessed - User: 18, Role: User, File: user_dashboard.php - IP: ::1 - User: 18
[2025-06-30 13:13:48] WARNING - Unauthorized Access Attempt - /addwise_4/addwise_1/get_qr_locations.php - IP: ::1 - User: 18
[2025-06-30 13:13:48] WARNING - Unauthorized Access Attempt - /addwise_4/addwise_1/get_qr_locations.php - IP: ::1 - User: 18
[2025-06-30 13:14:11] INFO - Page accessed - User: 18, Role: User, File: user_dashboard.php - IP: ::1 - User: 18
[2025-06-30 13:14:11] WARNING - Unauthorized Access Attempt - /addwise_4/addwise_1/get_qr_locations.php - IP: ::1 - User: 18
[2025-06-30 13:15:03] INFO - Page accessed - User: 18, Role: User, File: user_dashboard.php - IP: ::1 - User: 18
[2025-06-30 13:15:03] WARNING - Unauthorized Access Attempt - /addwise_4/addwise_1/get_qr_locations.php - IP: ::1 - User: 18
[2025-06-30 13:16:05] INFO - Page accessed - User: 18, Role: User, File: user_dashboard.php - IP: ::1 - User: 18
[2025-06-30 13:16:05] WARNING - Unauthorized Access Attempt - /addwise_4/addwise_1/get_qr_locations.php - IP: ::1 - User: 18
[2025-06-30 13:17:10] INFO - Page accessed - User: 18, Role: User, File: user_dashboard.php - IP: ::1 - User: 18
[2025-06-30 13:17:10] WARNING - Unauthorized Access Attempt - /addwise_4/addwise_1/get_qr_locations.php - IP: ::1 - User: 18
[2025-06-30 13:23:52] INFO - Page accessed - User: 18, Role: User, File: user_dashboard.php - IP: ::1 - User: 18
[2025-06-30 13:23:53] WARNING - Unauthorized Access Attempt - /addwise_4/addwise_1/get_qr_locations.php - IP: ::1 - User: 18
[2025-06-30 13:23:53] WARNING - Unauthorized Access Attempt - /addwise_4/addwise_1/get_qr_locations.php - IP: ::1 - User: 18
[2025-06-30 13:41:26] INFO - Page accessed - User: 18, Role: User, File: user_dashboard.php - IP: ::1 - User: 18
[2025-06-30 13:41:26] WARNING - Unauthorized Access Attempt - /addwise_4/addwise_1/get_qr_locations.php - IP: ::1 - User: 18
[2025-06-30 13:41:26] WARNING - Unauthorized Access Attempt - /addwise_4/addwise_1/get_qr_locations.php - IP: ::1 - User: 18
[2025-06-30 13:52:41] INFO - Page accessed - User: 18, Role: User, File: user_dashboard.php - IP: ::1 - User: 18
[2025-06-30 13:52:41] WARNING - Unauthorized Access Attempt - /addwise_4/addwise_1/get_qr_locations.php - IP: ::1 - User: 18
[2025-06-30 13:52:42] WARNING - Unauthorized Access Attempt - /addwise_4/addwise_1/get_qr_locations.php - IP: ::1 - User: 18
[2025-06-30 13:54:28] INFO - Page accessed - User: 18, Role: User, File: user_dashboard.php - IP: ::1 - User: 18
[2025-06-30 13:54:28] WARNING - Unauthorized Access Attempt - /addwise_4/addwise_1/get_qr_locations.php - IP: ::1 - User: 18
[2025-06-30 13:54:50] INFO - Page accessed - User: 18, Role: User, File: user_dashboard.php - IP: ::1 - User: 18
[2025-06-30 13:54:51] WARNING - Unauthorized Access Attempt - /addwise_4/addwise_1/get_qr_locations.php - IP: ::1 - User: 18
[2025-06-30 13:54:51] INFO - Page accessed - User: 18, Role: User, File: user_dashboard.php - IP: ::1 - User: 18
[2025-06-30 13:54:51] WARNING - Unauthorized Access Attempt - /addwise_4/addwise_1/get_qr_locations.php - IP: ::1 - User: 18
[2025-06-30 13:57:14] INFO - Page accessed - User: 18, Role: User, File: user_dashboard.php - IP: ::1 - User: 18
[2025-06-30 13:57:14] WARNING - Unauthorized Access Attempt - /addwise_4/addwise_1/get_qr_locations.php - IP: ::1 - User: 18
[2025-06-30 13:59:30] INFO - Page accessed - User: 18, Role: User, File: user_dashboard.php - IP: ::1 - User: 18
[2025-06-30 13:59:30] WARNING - Unauthorized Access Attempt - /addwise_4/addwise_1/get_qr_locations.php - IP: ::1 - User: 18
[2025-06-30 13:59:38] INFO - Page accessed - User: 18, Role: User, File: user_dashboard.php - IP: ::1 - User: 18
[2025-06-30 13:59:38] WARNING - Unauthorized Access Attempt - /addwise_4/addwise_1/get_qr_locations.php - IP: ::1 - User: 18
[2025-06-30 14:00:10] INFO - Page accessed - User: 18, Role: User, File: user_dashboard.php - IP: ::1 - User: 18
[2025-06-30 14:00:10] WARNING - Unauthorized Access Attempt - /addwise_4/addwise_1/get_qr_locations.php - IP: ::1 - User: 18
[2025-06-30 14:01:15] INFO - Page accessed - User: 18, Role: User, File: user_dashboard.php - IP: ::1 - User: 18
[2025-06-30 14:01:15] WARNING - Unauthorized Access Attempt - /addwise_4/addwise_1/get_qr_locations.php - IP: ::1 - User: 18
[2025-06-30 14:01:26] INFO - Page accessed - User: 18, Role: User, File: user_dashboard.php - IP: ::1 - User: 18
[2025-06-30 14:01:26] WARNING - Unauthorized Access Attempt - /addwise_4/addwise_1/get_qr_locations.php - IP: ::1 - User: 18
[2025-06-30 14:02:50] INFO - Page accessed - User: 19, Role: User, File: user_dashboard.php - IP: ::1 - User: 19
[2025-06-30 14:02:50] WARNING - Unauthorized Access Attempt - /addwise_4/addwise_1/get_qr_locations.php - IP: ::1 - User: 19
[2025-06-30 14:03:18] INFO - Page accessed - User: 19, Role: User, File: user_dashboard.php - IP: ::1 - User: 19
[2025-06-30 14:03:18] WARNING - Unauthorized Access Attempt - /addwise_4/addwise_1/get_qr_locations.php - IP: ::1 - User: 19
[2025-06-30 14:03:18] WARNING - Unauthorized Access Attempt - /addwise_4/addwise_1/get_qr_locations.php - IP: ::1 - User: 19
[2025-06-30 14:03:41] INFO - Page accessed - User: 18, Role: User, File: user_dashboard.php - IP: ::1 - User: 18
[2025-06-30 14:03:41] WARNING - Unauthorized Access Attempt - /addwise_4/addwise_1/get_qr_locations.php - IP: ::1 - User: 18
[2025-06-30 14:03:47] INFO - Page accessed - User: 18, Role: User, File: user_dashboard.php - IP: ::1 - User: 18
[2025-06-30 14:03:47] WARNING - Unauthorized Access Attempt - /addwise_4/addwise_1/get_qr_locations.php - IP: ::1 - User: 18
[2025-07-15 07:05:16] INFO - Page accessed - User: 1, Role: User, File: user_dashboard.php - IP: ::1 - User: 1
[2025-07-15 07:05:17] WARNING - Unauthorized Access Attempt - /get_qr_locations.php - IP: ::1 - User: 1
[2025-07-15 07:05:25] INFO - Page accessed - User: 1, Role: User, File: upload_qr_file.php - IP: ::1 - User: 1
[2025-07-15 08:04:56] INFO - Page accessed - User: 1, Role: User, File: user_dashboard.php - IP: ::1 - User: 1
[2025-07-15 08:04:56] WARNING - Unauthorized Access Attempt - /get_qr_locations.php - IP: ::1 - User: 1
[2025-07-15 08:04:56] WARNING - Unauthorized Access Attempt - /get_qr_locations.php - IP: ::1 - User: 1
[2025-07-15 08:05:06] INFO - Page accessed - User: 1, Role: User, File: upload_qr_file.php - IP: ::1 - User: 1
[2025-07-15 08:07:38] INFO - Page accessed - User: 1, Role: User, File: upload_qr_file.php - IP: ::1 - User: 1
[2025-07-15 08:08:15] INFO - Page accessed - User: 1, Role: User, File: upload_qr_file.php - IP: ::1 - User: 1
[2025-07-15 08:09:11] INFO - Page accessed - User: 1, Role: User, File: upload_qr_file.php - IP: ::1 - User: 1
[2025-07-15 08:09:14] INFO - Page accessed - User: 1, Role: User, File: upload_qr_file.php - IP: ::1 - User: 1
[2025-07-15 08:11:38] INFO - Page accessed - User: 1, Role: User, File: upload_qr_file.php - IP: ::1 - User: 1
[2025-07-15 08:13:24] INFO - Page accessed - User: 1, Role: User, File: upload_qr_file.php - IP: ::1 - User: 1
[2025-07-15 08:13:26] INFO - Page accessed - User: 1, Role: User, File: user_dashboard.php - IP: ::1 - User: 1
[2025-07-15 08:13:27] WARNING - Unauthorized Access Attempt - /get_qr_locations.php - IP: ::1 - User: 1
[2025-07-15 08:13:27] WARNING - Unauthorized Access Attempt - /get_qr_locations.php - IP: ::1 - User: 1
[2025-07-15 08:13:56] WARNING - Unauthorized Access Attempt - /user_dashboard.php - IP: ::1 - User: anonymous
[2025-07-15 08:27:52] INFO - Page accessed - User: 2, Role: Admin, File: edit_user.php - IP: ::1 - User: 2
[2025-07-15 08:28:38] INFO - Page accessed - User: 2, Role: Admin, File: edit_user.php - IP: ::1 - User: 2
[2025-07-15 08:28:40] INFO - Page accessed - User: 2, Role: Admin, File: edit_user.php - IP: ::1 - User: 2
[2025-07-15 08:28:48] INFO - Page accessed - User: 2, Role: Admin, File: edit_user.php - IP: ::1 - User: 2
[2025-07-15 08:29:09] INFO - Page accessed - User: 2, Role: Admin, File: edit_user.php - IP: ::1 - User: 2
[2025-07-15 08:29:11] INFO - Page accessed - User: 2, Role: Admin, File: edit_user.php - IP: ::1 - User: 2
[2025-07-15 08:29:11] INFO - Page accessed - User: 2, Role: Admin, File: edit_user.php - IP: ::1 - User: 2
[2025-07-15 08:29:37] INFO - Page accessed - User: 2, Role: Admin, File: edit_user.php - IP: ::1 - User: 2
[2025-07-15 08:29:43] INFO - Page accessed - User: 2, Role: Admin, File: edit_user.php - IP: ::1 - User: 2
[2025-07-15 08:31:00] INFO - Page accessed - User: 2, Role: Admin, File: edit_user.php - IP: ::1 - User: 2
[2025-07-15 08:31:45] INFO - Page accessed - User: 2, Role: Admin, File: edit_user.php - IP: ::1 - User: 2
[2025-07-15 15:26:26] INFO - Page accessed - User: 1, Role: User, File: user_dashboard.php - IP: ::1 - User: 1
[2025-07-15 15:26:27] WARNING - Unauthorized Access Attempt - /get_qr_locations.php - IP: ::1 - User: 1
[2025-07-15 15:34:01] INFO - Page accessed - User: 1, Role: User, File: user_dashboard.php - IP: ::1 - User: 1
[2025-07-15 15:34:01] WARNING - Unauthorized Access Attempt - /get_qr_locations.php - IP: ::1 - User: 1
[2025-07-15 15:34:11] INFO - Page accessed - User: 1, Role: User, File: edit_profile_users.php - IP: ::1 - User: 1
[2025-07-15 15:34:16] INFO - Page accessed - User: 1, Role: User, File: user_dashboard.php - IP: ::1 - User: 1
[2025-07-15 15:34:17] WARNING - Unauthorized Access Attempt - /get_qr_locations.php - IP: ::1 - User: 1
[2025-07-15 15:34:17] WARNING - Unauthorized Access Attempt - /get_qr_locations.php - IP: ::1 - User: 1
[2025-07-15 15:35:12] INFO - Page accessed - User: 1, Role: User, File: upload_qr_file.php - IP: ::1 - User: 1
[2025-07-15 15:35:24] INFO - Page accessed - User: 1, Role: User, File: user_dashboard.php - IP: ::1 - User: 1
[2025-07-15 15:35:25] WARNING - Unauthorized Access Attempt - /get_qr_locations.php - IP: ::1 - User: 1
[2025-07-15 15:35:25] WARNING - Unauthorized Access Attempt - /get_qr_locations.php - IP: ::1 - User: 1
[2025-07-15 15:54:49] INFO - Page accessed - User: 3, Role: User, File: user_dashboard.php - IP: ::1 - User: 3
[2025-07-15 15:54:49] WARNING - Unauthorized Access Attempt - /get_qr_locations.php - IP: ::1 - User: 3
[2025-07-15 15:54:49] WARNING - Unauthorized Access Attempt - /get_qr_locations.php - IP: ::1 - User: 3
[2025-07-23 08:07:11] INFO - Page accessed - User: 1, Role: User, File: user_dashboard.php - IP: ::1 - User: 1
[2025-07-23 08:07:12] WARNING - Unauthorized Access Attempt - /get_qr_locations.php - IP: ::1 - User: 1
